<?xml version="1.0" encoding="UTF-8"?>
<testsuite xmlns:xsi="http://www.w3.org/2001/XMLSchema-instance" xsi:noNamespaceSchemaLocation="https://maven.apache.org/surefire/maven-surefire-plugin/xsd/surefire-test-report.xsd" version="3.0.2" name="com.vev.ParkingSysTest" time="0.241" tests="32" errors="0" skipped="0" failures="2">
  <properties>
    <property name="java.specification.version" value="21"/>
    <property name="sun.cpu.isalist" value="amd64"/>
    <property name="sun.jnu.encoding" value="Cp1252"/>
    <property name="java.class.path" value="C:\Users\artur\OneDrive - PUCRS - BR\verival\trab-01\verival-t1\target\test-classes;C:\Users\artur\OneDrive - PUCRS - BR\verival\trab-01\verival-t1\target\classes;C:\Users\artur\.m2\repository\org\junit\jupiter\junit-jupiter-api\5.11.0\junit-jupiter-api-5.11.0.jar;C:\Users\artur\.m2\repository\org\opentest4j\opentest4j\1.3.0\opentest4j-1.3.0.jar;C:\Users\artur\.m2\repository\org\junit\platform\junit-platform-commons\1.11.0\junit-platform-commons-1.11.0.jar;C:\Users\artur\.m2\repository\org\apiguardian\apiguardian-api\1.1.2\apiguardian-api-1.1.2.jar;C:\Users\artur\.m2\repository\org\junit\jupiter\junit-jupiter-engine\5.11.0\junit-jupiter-engine-5.11.0.jar;C:\Users\artur\.m2\repository\org\junit\platform\junit-platform-engine\1.11.0\junit-platform-engine-1.11.0.jar;"/>
    <property name="java.vm.vendor" value="Oracle Corporation"/>
    <property name="sun.arch.data.model" value="64"/>
    <property name="user.variant" value=""/>
    <property name="java.vendor.url" value="https://java.oracle.com/"/>
    <property name="user.timezone" value="America/Sao_Paulo"/>
    <property name="os.name" value="Windows 11"/>
    <property name="java.vm.specification.version" value="21"/>
    <property name="sun.java.launcher" value="SUN_STANDARD"/>
    <property name="user.country" value="BR"/>
    <property name="sun.boot.library.path" value="C:\Program Files\Java\jdk-21\bin"/>
    <property name="sun.java.command" value="C:\Users\artur\AppData\Local\Temp\surefire9318822135465727360\surefirebooter-20241008172424356_3.jar C:\Users\artur\AppData\Local\Temp\surefire9318822135465727360 2024-10-08T17-24-24_133-jvmRun1 surefire-20241008172424356_1tmp surefire_0-20241008172424356_2tmp"/>
    <property name="jdk.debug" value="release"/>
    <property name="surefire.test.class.path" value="C:\Users\artur\OneDrive - PUCRS - BR\verival\trab-01\verival-t1\target\test-classes;C:\Users\artur\OneDrive - PUCRS - BR\verival\trab-01\verival-t1\target\classes;C:\Users\artur\.m2\repository\org\junit\jupiter\junit-jupiter-api\5.11.0\junit-jupiter-api-5.11.0.jar;C:\Users\artur\.m2\repository\org\opentest4j\opentest4j\1.3.0\opentest4j-1.3.0.jar;C:\Users\artur\.m2\repository\org\junit\platform\junit-platform-commons\1.11.0\junit-platform-commons-1.11.0.jar;C:\Users\artur\.m2\repository\org\apiguardian\apiguardian-api\1.1.2\apiguardian-api-1.1.2.jar;C:\Users\artur\.m2\repository\org\junit\jupiter\junit-jupiter-engine\5.11.0\junit-jupiter-engine-5.11.0.jar;C:\Users\artur\.m2\repository\org\junit\platform\junit-platform-engine\1.11.0\junit-platform-engine-1.11.0.jar;"/>
    <property name="sun.cpu.endian" value="little"/>
    <property name="user.home" value="C:\Users\artur"/>
    <property name="user.language" value="pt"/>
    <property name="java.specification.vendor" value="Oracle Corporation"/>
    <property name="java.version.date" value="2024-01-16"/>
    <property name="java.home" value="C:\Program Files\Java\jdk-21"/>
    <property name="file.separator" value="\"/>
    <property name="basedir" value="C:\Users\artur\OneDrive - PUCRS - BR\verival\trab-01\verival-t1"/>
    <property name="java.vm.compressedOopsMode" value="32-bit"/>
    <property name="line.separator" value="&#10;"/>
    <property name="java.vm.specification.vendor" value="Oracle Corporation"/>
    <property name="java.specification.name" value="Java Platform API Specification"/>
    <property name="surefire.real.class.path" value="C:\Users\artur\AppData\Local\Temp\surefire9318822135465727360\surefirebooter-20241008172424356_3.jar"/>
    <property name="user.script" value=""/>
    <property name="sun.management.compiler" value="HotSpot 64-Bit Tiered Compilers"/>
    <property name="java.runtime.version" value="21.0.2+13-LTS-58"/>
    <property name="user.name" value="artur"/>
    <property name="stdout.encoding" value="Cp1252"/>
    <property name="path.separator" value=";"/>
    <property name="os.version" value="10.0"/>
    <property name="java.runtime.name" value="Java(TM) SE Runtime Environment"/>
    <property name="file.encoding" value="UTF-8"/>
    <property name="java.vm.name" value="Java HotSpot(TM) 64-Bit Server VM"/>
    <property name="localRepository" value="C:\Users\artur\.m2\repository"/>
    <property name="java.vendor.url.bug" value="https://bugreport.java.com/bugreport/"/>
    <property name="java.io.tmpdir" value="C:\Users\artur\AppData\Local\Temp\"/>
    <property name="java.version" value="21.0.2"/>
    <property name="user.dir" value="C:\Users\artur\OneDrive - PUCRS - BR\verival\trab-01\verival-t1"/>
    <property name="os.arch" value="amd64"/>
    <property name="java.vm.specification.name" value="Java Virtual Machine Specification"/>
    <property name="sun.os.patch.level" value=""/>
    <property name="native.encoding" value="Cp1252"/>
    <property name="java.library.path" value="C:\Program Files\Java\jdk-21\bin;C:\WINDOWS\Sun\Java\bin;C:\WINDOWS\system32;C:\WINDOWS;C:\Program Files\PowerShell\7;C:\Program Files\Common Files\Oracle\Java\javapath;C:\Windows\system32;C:\Windows;C:\Windows\System32\Wbem;C:\Windows\System32\WindowsPowerShell\v1.0\;C:\Windows\System32\OpenSSH\;C:\Program Files (x86)\NVIDIA Corporation\PhysX\Common;C:\Program Files\NVIDIA Corporation\NVIDIA NvDLISR;C:\WINDOWS\system32;C:\WINDOWS;C:\WINDOWS\System32\Wbem;C:\WINDOWS\System32\WindowsPowerShell\v1.0\;C:\WINDOWS\System32\OpenSSH\;C:\Program Files\Common Files\Autodesk Shared\;C:\Program Files\Microsoft SQL Server\120\Tools\Binn\;C:\Program Files\dotnet\;C:\Program Files\RedHat\java-17-openjdk-17.0.7.0.7-1.jre\bin;C:\Program Files\Git\cmd;C:\Program Files\Git\mingw64\bin;C:\Program Files\Git\usr\bin;C:\ProgramData\chocolatey\bin;C:\Program Files\nodejs\;C:\Program Files\PuTTY\;C:\Program Files\Go\bin;C:\Program Files\PowerShell\7\;C:\Program Files\apache-maven-3.9.9\bin;C:\Users\artur\AppData\Local\Programs\Python\Python312\Scripts\;C:\Users\artur\AppData\Local\Programs\Python\Python312\;C:\Users\artur\.console-ninja\.bin;C:\Users\artur\AppData\Local\Programs\Eclipse Adoptium\jdk-17.0.8.7-hotspot\bin;C:\Users\artur\AppData\Local\Programs\Python\Python38\Scripts\;C:\Users\artur\AppData\Local\Programs\Python\Python38\;C:\Users\artur\AppData\Local\Microsoft\WindowsApps;C:\Program Files\JetBrains\IntelliJ IDEA Community Edition 2023.2\bin;C:\Users\artur\AppData\Roaming\npm;C:\Users\artur\go\bin;C:\Users\artur\AppData\Local\Programs\Microsoft VS Code\bin;C:\MinGW\bin;;."/>
    <property name="java.vm.info" value="mixed mode, sharing"/>
    <property name="stderr.encoding" value="Cp1252"/>
    <property name="java.vendor" value="Oracle Corporation"/>
    <property name="java.vm.version" value="21.0.2+13-LTS-58"/>
    <property name="sun.io.unicode.encoding" value="UnicodeLittle"/>
    <property name="java.class.version" value="65.0"/>
  </properties>
  <testcase name="testPermanenciaDeUmaHoraEUmMinuto" classname="com.vev.ParkingSysTest" time="0.06"/>
  <testcase name="testPermanenciaDe15MinutosE1Segundo" classname="com.vev.ParkingSysTest" time="0.013">
    <failure message="expected: &lt;Saída realizada em 08/10/2024 às 10:15:01.&#10;Valor a pagar: R$ 5,90&gt; but was: &lt;Saída realizada em 08/10/2024 às 10:15:01.&#10;Valor a pagar: R$ 5,90&gt;" type="org.opentest4j.AssertionFailedError"><![CDATA[org.opentest4j.AssertionFailedError: 
expected: <Saída realizada em 08/10/2024 às 10:15:01.
Valor a pagar: R$ 5,90> but was: <Saída realizada em 08/10/2024 às 10:15:01.
Valor a pagar: R$ 5,90>
	at org.junit.jupiter.api.AssertionFailureBuilder.build(AssertionFailureBuilder.java:151)
	at org.junit.jupiter.api.AssertionFailureBuilder.buildAndThrow(AssertionFailureBuilder.java:132)
	at org.junit.jupiter.api.AssertEquals.failNotEqual(AssertEquals.java:197)
	at org.junit.jupiter.api.AssertEquals.assertEquals(AssertEquals.java:182)
	at org.junit.jupiter.api.AssertEquals.assertEquals(AssertEquals.java:177)
	at org.junit.jupiter.api.Assertions.assertEquals(Assertions.java:1145)
	at com.vev.ParkingSysTest.testPermanenciaDe15MinutosE1Segundo(ParkingSysTest.java:126)
	at java.base/java.lang.reflect.Method.invoke(Method.java:580)
	at java.base/java.util.ArrayList.forEach(ArrayList.java:1596)
	at java.base/java.util.ArrayList.forEach(ArrayList.java:1596)
]]></failure>
  </testcase>
  <testcase name="testUmPernoiteDoisDiasVIP" classname="com.vev.ParkingSysTest" time="0.003"/>
  <testcase name="testHorarioFechado" classname="com.vev.ParkingSysTest" time="0.004"/>
  <testcase name="testEntradaESaidaNoMesmoMinutoVIP" classname="com.vev.ParkingSysTest" time="0.002"/>
  <testcase name="testFalsePernoite" classname="com.vev.ParkingSysTest" time="0.003"/>
  <testcase name="testEntradaAntesDaMeiaNoiteSaidaDepois" classname="com.vev.ParkingSysTest" time="0.002"/>
  <testcase name="testPermanenciaDeUmaHoraEUmMinutoVIP" classname="com.vev.ParkingSysTest" time="0.002"/>
  <testcase name="testDoisPernoitesDoisDias" classname="com.vev.ParkingSysTest" time="0.002"/>
  <testcase name="testPermanenciaExataDe15MinutosVIP" classname="com.vev.ParkingSysTest" time="0.003"/>
  <testcase name="testUmPernoiteDoisDias" classname="com.vev.ParkingSysTest" time="0.001"/>
  <testcase name="testPermanenciaDeUmaHoraUmSegundoVIP" classname="com.vev.ParkingSysTest" time="0.003"/>
  <testcase name="testSaidaAntesDaEntradaVIP" classname="com.vev.ParkingSysTest" time="0.003"/>
  <testcase name="testPermanenciaDeMultiplasHorasVIP" classname="com.vev.ParkingSysTest" time="0.002"/>
  <testcase name="testDoisPernoitesDoisDiaVIP" classname="com.vev.ParkingSysTest" time="0.002"/>
  <testcase name="testEntradaSaidaDiasDiferentesPermanenciaCurtaVIP" classname="com.vev.ParkingSysTest" time="0.002"/>
  <testcase name="testPermanenciaDe16MinutosVIP" classname="com.vev.ParkingSysTest" time="0.001"/>
  <testcase name="testPermanenciaDeMultiplasHoras" classname="com.vev.ParkingSysTest" time="0.002"/>
  <testcase name="testEntradaAntesDaMeiaNoiteSaidaDepoisVIP" classname="com.vev.ParkingSysTest" time="0.001"/>
  <testcase name="testHorarioFechadoVIP" classname="com.vev.ParkingSysTest" time="0.002"/>
  <testcase name="testEntradaSaidaDiasDiferentesPermanenciaCurta" classname="com.vev.ParkingSysTest" time="0.001"/>
  <testcase name="testPermanenciaDe15MinutosE1SegundoVIP" classname="com.vev.ParkingSysTest" time="0.013">
    <failure message="expected: &lt;Saída realizada em 08/10/2024 às 10:15:01.&#10;Valor a pagar: R$ 2,95&gt; but was: &lt;Saída realizada em 08/10/2024 às 10:15:01.&#10;Valor a pagar: R$ 2,95&gt;" type="org.opentest4j.AssertionFailedError"><![CDATA[org.opentest4j.AssertionFailedError: 
expected: <Saída realizada em 08/10/2024 às 10:15:01.
Valor a pagar: R$ 2,95> but was: <Saída realizada em 08/10/2024 às 10:15:01.
Valor a pagar: R$ 2,95>
	at org.junit.jupiter.api.AssertionFailureBuilder.build(AssertionFailureBuilder.java:151)
	at org.junit.jupiter.api.AssertionFailureBuilder.buildAndThrow(AssertionFailureBuilder.java:132)
	at org.junit.jupiter.api.AssertEquals.failNotEqual(AssertEquals.java:197)
	at org.junit.jupiter.api.AssertEquals.assertEquals(AssertEquals.java:182)
	at org.junit.jupiter.api.AssertEquals.assertEquals(AssertEquals.java:177)
	at org.junit.jupiter.api.Assertions.assertEquals(Assertions.java:1145)
	at com.vev.ParkingSysTest.testPermanenciaDe15MinutosE1SegundoVIP(ParkingSysTest.java:139)
	at java.base/java.lang.reflect.Method.invoke(Method.java:580)
	at java.base/java.util.ArrayList.forEach(ArrayList.java:1596)
	at java.base/java.util.ArrayList.forEach(ArrayList.java:1596)
]]></failure>
  </testcase>
  <testcase name="testPermanenciaDe16Minutos" classname="com.vev.ParkingSysTest" time="0.002"/>
  <testcase name="testDoisPernoitesDoisDia" classname="com.vev.ParkingSysTest" time="0.002"/>
  <testcase name="testSaidaAntesDaEntrada" classname="com.vev.ParkingSysTest" time="0.002"/>
  <testcase name="testPermanenciaDeUmaHoraUmSegundo" classname="com.vev.ParkingSysTest" time="0.001"/>
  <testcase name="testPermanenciaExataDe15Minutos" classname="com.vev.ParkingSysTest" time="0.002"/>
  <testcase name="testPermanenciaExataDeUmaHora" classname="com.vev.ParkingSysTest" time="0.002"/>
  <testcase name="testEntradaESaidaNoMesmoMinuto" classname="com.vev.ParkingSysTest" time="0.002"/>
  <testcase name="testFalsePernoiteVIP" classname="com.vev.ParkingSysTest" time="0.002"/>
  <testcase name="testDoisPernoitesDoisDiasVIP" classname="com.vev.ParkingSysTest" time="0.002"/>
  <testcase name="testPermanenciaExataDeUmaHoraVIP" classname="com.vev.ParkingSysTest" time="0.001"/>
</testsuite>