<?xml version="1.0" encoding="UTF-8"?>
<testsuite xmlns:xsi="http://www.w3.org/2001/XMLSchema-instance" xsi:noNamespaceSchemaLocation="https://maven.apache.org/surefire/maven-surefire-plugin/xsd/surefire-test-report.xsd" version="3.0.2" name="com.vev.ParkingSysTest" time="0.241" tests="32" errors="0" skipped="0" failures="2">
  <properties>
[...]
</properties>
  <testcase name="testPermanenciaDeUmaHoraEUmMinuto" classname="com.vev.ParkingSysTest" time="0.06"/>
  <testcase name="testPermanenciaDe15MinutosE1Segundo" classname="com.vev.ParkingSysTest" time="0.013">
    <failure message="expected: &lt;Saída realizada em 08/10/2024 às 10:15:01.&#10;Valor a pagar: R$ 5,90&gt; but was: &lt;Saída realizada em 08/10/2024 às 10:15:01.&#10;Valor a pagar: R$ 5,90&gt;" type="org.opentest4j.AssertionFailedError"><![CDATA[org.opentest4j.AssertionFailedError: 
expected: <Saída realizada em 08/10/2024 às 10:15:01.
Valor a pagar: R$ 5,90> but was: <Saída realizada em 08/10/2024 às 10:15:01.
Valor a pagar: R$ 5,90>
	at org.junit.jupiter.api.AssertionFailureBuilder.build(AssertionFailureBuilder.java:151)
	at org.junit.jupiter.api.AssertionFailureBuilder.buildAndThrow(AssertionFailureBuilder.java:132)
	at org.junit.jupiter.api.AssertEquals.failNotEqual(AssertEquals.java:197)
	at org.junit.jupiter.api.AssertEquals.assertEquals(AssertEquals.java:182)
	at org.junit.jupiter.api.AssertEquals.assertEquals(AssertEquals.java:177)
	at org.junit.jupiter.api.Assertions.assertEquals(Assertions.java:1145)
	at com.vev.ParkingSysTest.testPermanenciaDe15MinutosE1Segundo(ParkingSysTest.java:126)
	at java.base/java.lang.reflect.Method.invoke(Method.java:580)
	at java.base/java.util.ArrayList.forEach(ArrayList.java:1596)
	at java.base/java.util.ArrayList.forEach(ArrayList.java:1596)
]]></failure>
  </testcase>
  <testcase name="testUmPernoiteDoisDiasVIP" classname="com.vev.ParkingSysTest" time="0.003"/>
  <testcase name="testHorarioFechado" classname="com.vev.ParkingSysTest" time="0.004"/>
  <testcase name="testEntradaESaidaNoMesmoMinutoVIP" classname="com.vev.ParkingSysTest" time="0.002"/>
  <testcase name="testFalsePernoite" classname="com.vev.ParkingSysTest" time="0.003"/>
  <testcase name="testEntradaAntesDaMeiaNoiteSaidaDepois" classname="com.vev.ParkingSysTest" time="0.002"/>
  <testcase name="testPermanenciaDeUmaHoraEUmMinutoVIP" classname="com.vev.ParkingSysTest" time="0.002"/>
  <testcase name="testDoisPernoitesDoisDias" classname="com.vev.ParkingSysTest" time="0.002"/>
  <testcase name="testPermanenciaExataDe15MinutosVIP" classname="com.vev.ParkingSysTest" time="0.003"/>
  <testcase name="testUmPernoiteDoisDias" classname="com.vev.ParkingSysTest" time="0.001"/>
  <testcase name="testPermanenciaDeUmaHoraUmSegundoVIP" classname="com.vev.ParkingSysTest" time="0.003"/>
  <testcase name="testSaidaAntesDaEntradaVIP" classname="com.vev.ParkingSysTest" time="0.003"/>
  <testcase name="testPermanenciaDeMultiplasHorasVIP" classname="com.vev.ParkingSysTest" time="0.002"/>
  <testcase name="testDoisPernoitesDoisDiaVIP" classname="com.vev.ParkingSysTest" time="0.002"/>
  <testcase name="testEntradaSaidaDiasDiferentesPermanenciaCurtaVIP" classname="com.vev.ParkingSysTest" time="0.002"/>
  <testcase name="testPermanenciaDe16MinutosVIP" classname="com.vev.ParkingSysTest" time="0.001"/>
  <testcase name="testPermanenciaDeMultiplasHoras" classname="com.vev.ParkingSysTest" time="0.002"/>
  <testcase name="testEntradaAntesDaMeiaNoiteSaidaDepoisVIP" classname="com.vev.ParkingSysTest" time="0.001"/>
  <testcase name="testHorarioFechadoVIP" classname="com.vev.ParkingSysTest" time="0.002"/>
  <testcase name="testEntradaSaidaDiasDiferentesPermanenciaCurta" classname="com.vev.ParkingSysTest" time="0.001"/>
  <testcase name="testPermanenciaDe15MinutosE1SegundoVIP" classname="com.vev.ParkingSysTest" time="0.013">
    <failure message="expected: &lt;Saída realizada em 08/10/2024 às 10:15:01.&#10;Valor a pagar: R$ 2,95&gt; but was: &lt;Saída realizada em 08/10/2024 às 10:15:01.&#10;Valor a pagar: R$ 2,95&gt;" type="org.opentest4j.AssertionFailedError"><![CDATA[org.opentest4j.AssertionFailedError: 
expected: <Saída realizada em 08/10/2024 às 10:15:01.
Valor a pagar: R$ 2,95> but was: <Saída realizada em 08/10/2024 às 10:15:01.
Valor a pagar: R$ 2,95>
	at org.junit.jupiter.api.AssertionFailureBuilder.build(AssertionFailureBuilder.java:151)
	at org.junit.jupiter.api.AssertionFailureBuilder.buildAndThrow(AssertionFailureBuilder.java:132)
	at org.junit.jupiter.api.AssertEquals.failNotEqual(AssertEquals.java:197)
	at org.junit.jupiter.api.AssertEquals.assertEquals(AssertEquals.java:182)
	at org.junit.jupiter.api.AssertEquals.assertEquals(AssertEquals.java:177)
	at org.junit.jupiter.api.Assertions.assertEquals(Assertions.java:1145)
	at com.vev.ParkingSysTest.testPermanenciaDe15MinutosE1SegundoVIP(ParkingSysTest.java:139)
	at java.base/java.lang.reflect.Method.invoke(Method.java:580)
	at java.base/java.util.ArrayList.forEach(ArrayList.java:1596)
	at java.base/java.util.ArrayList.forEach(ArrayList.java:1596)
]]></failure>
  </testcase>
  <testcase name="testPermanenciaDe16Minutos" classname="com.vev.ParkingSysTest" time="0.002"/>
  <testcase name="testDoisPernoitesDoisDia" classname="com.vev.ParkingSysTest" time="0.002"/>
  <testcase name="testSaidaAntesDaEntrada" classname="com.vev.ParkingSysTest" time="0.002"/>
  <testcase name="testPermanenciaDeUmaHoraUmSegundo" classname="com.vev.ParkingSysTest" time="0.001"/>
  <testcase name="testPermanenciaExataDe15Minutos" classname="com.vev.ParkingSysTest" time="0.002"/>
  <testcase name="testPermanenciaExataDeUmaHora" classname="com.vev.ParkingSysTest" time="0.002"/>
  <testcase name="testEntradaESaidaNoMesmoMinuto" classname="com.vev.ParkingSysTest" time="0.002"/>
  <testcase name="testFalsePernoiteVIP" classname="com.vev.ParkingSysTest" time="0.002"/>
  <testcase name="testDoisPernoitesDoisDiasVIP" classname="com.vev.ParkingSysTest" time="0.002"/>
  <testcase name="testPermanenciaExataDeUmaHoraVIP" classname="com.vev.ParkingSysTest" time="0.001"/>
</testsuite>