<?xml version="1.0" encoding="UTF-8"?>
<testsuite xmlns:xsi="http://www.w3.org/2001/XMLSchema-instance" xsi:noNamespaceSchemaLocation="https://maven.apache.org/surefire/maven-surefire-plugin/xsd/surefire-test-report.xsd" version="3.0.2" name="com.vev.ParkingSysTest" time="0.029" tests="2" errors="0" skipped="0" failures="0">
  <properties>
[...]
</properties>
  <testcase name="testVipExitNextDayWithin15Minutes" classname="com.vev.ParkingSysTest" time="0.017"/>
  <testcase name="testExitNextDayWithin15Minutes" classname="com.vev.ParkingSysTest" time="0.001"/>
</testsuite>